<?xml version="1.0" encoding="UTF-8"?>
<!-- Generated by org.testng.reporters.JUnitReportReporter -->
<testsuite skipped="0" hostname="Anishka-Home" name="autopackage.LoanCalculator" tests="3" failures="0" timestamp="04 Dec 2017 00:45:03 GMT" time="25.803" errors="0">
  <testcase name="testLoanAmountError" time="3.804" classname="autopackage.LoanCalculator"/>
  <testcase name="testCalculation" time="17.035" classname="autopackage.LoanCalculator"/>
  <testcase name="testEstimatedAPRError" time="4.964" classname="autopackage.LoanCalculator"/>
</testsuite> <!-- autopackage.LoanCalculator -->
